<?xml version="1.0" encoding="UTF-8"?>
<testsuite name="au.com.flexera.codingtest.LicenseCounterTest" tests="4" skipped="0" failures="0" errors="0" timestamp="2017-05-17T02:11:52" hostname="DESKTOP-GJFFG3G" time="0.044">
  <properties/>
  <testcase name="testMerge" classname="au.com.flexera.codingtest.LicenseCounterTest" time="0.042"/>
  <testcase name="testCountDesktop" classname="au.com.flexera.codingtest.LicenseCounterTest" time="0.0"/>
  <testcase name="testCatulateLicenseCount" classname="au.com.flexera.codingtest.LicenseCounterTest" time="0.0"/>
  <testcase name="testCountLaptop" classname="au.com.flexera.codingtest.LicenseCounterTest" time="0.001"/>
  <system-out><![CDATA[]]></system-out>
  <system-err><![CDATA[]]></system-err>
</testsuite>
